SystemTime { tv_sec: 1760307109, tv_nsec: 11834348 }: INFO - HexE Simulator started
SystemTime { tv_sec: 1760307109, tv_nsec: 12032989 }: INFO - Assembling source file
SystemTime { tv_sec: 1760307109, tv_nsec: 13278293 }: WARNING - Incorrect register 'immediate' in indexed mode
SystemTime { tv_sec: 1760307109, tv_nsec: 13300247 }: WARNING - Symbol '10' not found in symbol table, treating as immediate value
SystemTime { tv_sec: 1760307109, tv_nsec: 13338262 }: WARNING - Incorrect register 'indirect' in indexed mode
SystemTime { tv_sec: 1760307109, tv_nsec: 13362533 }: WARNING - Symbol '5' not found in symbol table, treating as immediate value
SystemTime { tv_sec: 1760307109, tv_nsec: 13386484 }: WARNING - Unknown directive: WORD
SystemTime { tv_sec: 1760307109, tv_nsec: 13396594 }: WARNING - Unknown directive: RESW
SystemTime { tv_sec: 1760307109, tv_nsec: 13410298 }: INFO - Starting TUI simulator
SystemTime { tv_sec: 1760307109, tv_nsec: 13783168 }: INFO - Starting disassembly process
SystemTime { tv_sec: 1760307109, tv_nsec: 13799505 }: INFO - Program: TEST3, Start: 0007D0, Length: 000015
SystemTime { tv_sec: 1760307109, tv_nsec: 13809555 }: INFO - Text section at 0007D0, length: 0F
SystemTime { tv_sec: 1760307109, tv_nsec: 14189546 }: INFO - File disassembled successfully
SystemTime { tv_sec: 1760307109, tv_nsec: 14205832 }: INFO - Disassembly completed: 5 instructions
SystemTime { tv_sec: 1760307109, tv_nsec: 14214320 }: INFO - === DISASSEMBLED PROGRAM ===
SystemTime { tv_sec: 1760307109, tv_nsec: 14226533 }: INFO - 0007D0  LDA      #10
SystemTime { tv_sec: 1760307109, tv_nsec: 14237012 }: INFO - 0007D3  STA      000009 [PC-rel]
SystemTime { tv_sec: 1760307109, tv_nsec: 14246904 }: INFO - 0007D6  LDA      @000006 [PC-rel]
SystemTime { tv_sec: 1760307109, tv_nsec: 14256417 }: INFO - 0007D9  ADD      #5
SystemTime { tv_sec: 1760307109, tv_nsec: 14265778 }: INFO - 0007DC  STA      000003 [PC-rel]
SystemTime { tv_sec: 1760307109, tv_nsec: 14275284 }: INFO - Program starts at: 0007D0
SystemTime { tv_sec: 1760307109, tv_nsec: 14283647 }: INFO - Loaded 5 instructions
SystemTime { tv_sec: 1760307116, tv_nsec: 115507200 }: INFO - TUI simulator shut down successfully
SystemTime { tv_sec: 1760307116, tv_nsec: 115947938 }: INFO - Starting disassembly process
SystemTime { tv_sec: 1760307116, tv_nsec: 115971038 }: INFO - Program: TEST3, Start: 0007D0, Length: 000015
SystemTime { tv_sec: 1760307116, tv_nsec: 116000541 }: INFO - Text section at 0007D0, length: 0F
SystemTime { tv_sec: 1760307116, tv_nsec: 116400450 }: INFO - File disassembled successfully
SystemTime { tv_sec: 1760307116, tv_nsec: 116410110 }: INFO - Disassembly completed: 5 instructions
SystemTime { tv_sec: 1760307116, tv_nsec: 116417559 }: INFO - === DISASSEMBLED PROGRAM ===
SystemTime { tv_sec: 1760307116, tv_nsec: 116430583 }: INFO - 0007D0  LDA      #10
SystemTime { tv_sec: 1760307116, tv_nsec: 116438788 }: INFO - 0007D3  STA      000009 [PC-rel]
SystemTime { tv_sec: 1760307116, tv_nsec: 116446722 }: INFO - 0007D6  LDA      @000006 [PC-rel]
SystemTime { tv_sec: 1760307116, tv_nsec: 116453792 }: INFO - 0007D9  ADD      #5
SystemTime { tv_sec: 1760307116, tv_nsec: 116460679 }: INFO - 0007DC  STA      000003 [PC-rel]
SystemTime { tv_sec: 1760307116, tv_nsec: 116473853 }: INFO - Program starts at: 0007D0
SystemTime { tv_sec: 1760307116, tv_nsec: 116482303 }: INFO - Loaded 5 instructions
SystemTime { tv_sec: 1760307116, tv_nsec: 116563123 }: INFO - Starting TUI simulator
SystemTime { tv_sec: 1760307116, tv_nsec: 116971237 }: INFO - Starting disassembly process
SystemTime { tv_sec: 1760307116, tv_nsec: 116999584 }: INFO - Program: TEST3, Start: 0007D0, Length: 000015
SystemTime { tv_sec: 1760307116, tv_nsec: 117006610 }: INFO - Text section at 0007D0, length: 0F
SystemTime { tv_sec: 1760307116, tv_nsec: 117360516 }: INFO - File disassembled successfully
SystemTime { tv_sec: 1760307116, tv_nsec: 117367682 }: INFO - Disassembly completed: 5 instructions
SystemTime { tv_sec: 1760307116, tv_nsec: 117373326 }: INFO - === DISASSEMBLED PROGRAM ===
SystemTime { tv_sec: 1760307116, tv_nsec: 117381152 }: INFO - 0007D0  LDA      #10
SystemTime { tv_sec: 1760307116, tv_nsec: 117403625 }: INFO - 0007D3  STA      000009 [PC-rel]
SystemTime { tv_sec: 1760307116, tv_nsec: 117410440 }: INFO - 0007D6  LDA      @000006 [PC-rel]
SystemTime { tv_sec: 1760307116, tv_nsec: 117416513 }: INFO - 0007D9  ADD      #5
SystemTime { tv_sec: 1760307116, tv_nsec: 117422838 }: INFO - 0007DC  STA      000003 [PC-rel]
SystemTime { tv_sec: 1760307116, tv_nsec: 117428762 }: INFO - Program starts at: 0007D0
SystemTime { tv_sec: 1760307116, tv_nsec: 117433891 }: INFO - Loaded 5 instructions
SystemTime { tv_sec: 1760307116, tv_nsec: 986412626 }: INFO - TUI simulator shut down successfully
SystemTime { tv_sec: 1760307116, tv_nsec: 986541328 }: INFO - HexE Simulator finished
SystemTime { tv_sec: 1760307190, tv_nsec: 81935489 }: INFO - HexE Simulator started
SystemTime { tv_sec: 1760307190, tv_nsec: 82054725 }: INFO - Assembling source file
SystemTime { tv_sec: 1760307190, tv_nsec: 82876284 }: WARNING - Incorrect register 'immediate' in indexed mode
SystemTime { tv_sec: 1760307190, tv_nsec: 82886830 }: WARNING - Symbol '10' not found in symbol table, treating as immediate value
SystemTime { tv_sec: 1760307190, tv_nsec: 82911693 }: WARNING - Incorrect register 'indirect' in indexed mode
SystemTime { tv_sec: 1760307190, tv_nsec: 82925970 }: WARNING - Symbol '5' not found in symbol table, treating as immediate value
SystemTime { tv_sec: 1760307190, tv_nsec: 82941736 }: WARNING - Unknown directive: WORD
SystemTime { tv_sec: 1760307190, tv_nsec: 82946946 }: WARNING - Unknown directive: RESW
SystemTime { tv_sec: 1760307190, tv_nsec: 82956867 }: INFO - Starting TUI simulator
SystemTime { tv_sec: 1760307190, tv_nsec: 83285827 }: INFO - Starting disassembly process
SystemTime { tv_sec: 1760307190, tv_nsec: 83295723 }: INFO - Program: TEST3, Start: 0007D0, Length: 000015
SystemTime { tv_sec: 1760307190, tv_nsec: 83302187 }: INFO - Text section at 0007D0, length: 0F
SystemTime { tv_sec: 1760307190, tv_nsec: 83571504 }: INFO - File disassembled successfully
SystemTime { tv_sec: 1760307190, tv_nsec: 83578397 }: INFO - Disassembly completed: 5 instructions
SystemTime { tv_sec: 1760307190, tv_nsec: 83583541 }: INFO - === DISASSEMBLED PROGRAM ===
SystemTime { tv_sec: 1760307190, tv_nsec: 83592155 }: INFO - 0007D0  LDA      #10
SystemTime { tv_sec: 1760307190, tv_nsec: 83599052 }: INFO - 0007D3  STA      000009 [PC-rel]
SystemTime { tv_sec: 1760307190, tv_nsec: 83605461 }: INFO - 0007D6  LDA      @000006 [PC-rel]
SystemTime { tv_sec: 1760307190, tv_nsec: 83611334 }: INFO - 0007D9  ADD      #5
SystemTime { tv_sec: 1760307190, tv_nsec: 83617090 }: INFO - 0007DC  STA      000003 [PC-rel]
SystemTime { tv_sec: 1760307190, tv_nsec: 83622578 }: INFO - Program starts at: 0007D0
SystemTime { tv_sec: 1760307190, tv_nsec: 83627902 }: INFO - Loaded 5 instructions
SystemTime { tv_sec: 1760307190, tv_nsec: 894552445 }: INFO - TUI simulator shut down successfully
SystemTime { tv_sec: 1760307190, tv_nsec: 894688455 }: INFO - Starting disassembly process
SystemTime { tv_sec: 1760307190, tv_nsec: 894695942 }: INFO - Program: TEST3, Start: 0007D0, Length: 000015
SystemTime { tv_sec: 1760307190, tv_nsec: 894699751 }: INFO - Text section at 0007D0, length: 0F
SystemTime { tv_sec: 1760307190, tv_nsec: 894823822 }: INFO - File disassembled successfully
SystemTime { tv_sec: 1760307190, tv_nsec: 894827101 }: INFO - Disassembly completed: 5 instructions
SystemTime { tv_sec: 1760307190, tv_nsec: 894830016 }: INFO - === DISASSEMBLED PROGRAM ===
SystemTime { tv_sec: 1760307190, tv_nsec: 894835558 }: INFO - 0007D0  LDA      #10
SystemTime { tv_sec: 1760307190, tv_nsec: 894839801 }: INFO - 0007D3  STA      000009 [PC-rel]
SystemTime { tv_sec: 1760307190, tv_nsec: 894844030 }: INFO - 0007D6  LDA      @000006 [PC-rel]
SystemTime { tv_sec: 1760307190, tv_nsec: 894848007 }: INFO - 0007D9  ADD      #5
SystemTime { tv_sec: 1760307190, tv_nsec: 894851982 }: INFO - 0007DC  STA      000003 [PC-rel]
SystemTime { tv_sec: 1760307190, tv_nsec: 894855552 }: INFO - Program starts at: 0007D0
SystemTime { tv_sec: 1760307190, tv_nsec: 894865141 }: INFO - Loaded 5 instructions
SystemTime { tv_sec: 1760307190, tv_nsec: 894897784 }: INFO - Starting TUI simulator
SystemTime { tv_sec: 1760307190, tv_nsec: 895021674 }: INFO - Starting disassembly process
SystemTime { tv_sec: 1760307190, tv_nsec: 895025558 }: INFO - Program: TEST3, Start: 0007D0, Length: 000015
SystemTime { tv_sec: 1760307190, tv_nsec: 895028379 }: INFO - Text section at 0007D0, length: 0F
SystemTime { tv_sec: 1760307190, tv_nsec: 895143359 }: INFO - File disassembled successfully
SystemTime { tv_sec: 1760307190, tv_nsec: 895145696 }: INFO - Disassembly completed: 5 instructions
SystemTime { tv_sec: 1760307190, tv_nsec: 895148393 }: INFO - === DISASSEMBLED PROGRAM ===
SystemTime { tv_sec: 1760307190, tv_nsec: 895152033 }: INFO - 0007D0  LDA      #10
SystemTime { tv_sec: 1760307190, tv_nsec: 895155665 }: INFO - 0007D3  STA      000009 [PC-rel]
SystemTime { tv_sec: 1760307190, tv_nsec: 895159359 }: INFO - 0007D6  LDA      @000006 [PC-rel]
SystemTime { tv_sec: 1760307190, tv_nsec: 895165876 }: INFO - 0007D9  ADD      #5
SystemTime { tv_sec: 1760307190, tv_nsec: 895169290 }: INFO - 0007DC  STA      000003 [PC-rel]
SystemTime { tv_sec: 1760307190, tv_nsec: 895172186 }: INFO - Program starts at: 0007D0
SystemTime { tv_sec: 1760307190, tv_nsec: 895175033 }: INFO - Loaded 5 instructions
SystemTime { tv_sec: 1760307192, tv_nsec: 520856771 }: INFO - TUI simulator shut down successfully
SystemTime { tv_sec: 1760307192, tv_nsec: 520914684 }: INFO - HexE Simulator finished
SystemTime { tv_sec: 1760307256, tv_nsec: 311697596 }: INFO - HexE Simulator started
SystemTime { tv_sec: 1760307256, tv_nsec: 311784229 }: INFO - Assembling source file
SystemTime { tv_sec: 1760307256, tv_nsec: 312446633 }: WARNING - Incorrect register 'immediate' in indexed mode
SystemTime { tv_sec: 1760307256, tv_nsec: 312455419 }: WARNING - Symbol '10' not found in symbol table, treating as immediate value
SystemTime { tv_sec: 1760307256, tv_nsec: 312475400 }: WARNING - Incorrect register 'indirect' in indexed mode
SystemTime { tv_sec: 1760307256, tv_nsec: 312486685 }: WARNING - Symbol '5' not found in symbol table, treating as immediate value
SystemTime { tv_sec: 1760307256, tv_nsec: 312502805 }: WARNING - Unknown directive: WORD
SystemTime { tv_sec: 1760307256, tv_nsec: 312507327 }: WARNING - Unknown directive: RESW
SystemTime { tv_sec: 1760307256, tv_nsec: 312515159 }: INFO - Starting TUI simulator
SystemTime { tv_sec: 1760307256, tv_nsec: 312772407 }: INFO - Starting disassembly process
SystemTime { tv_sec: 1760307256, tv_nsec: 312779078 }: INFO - Program: TEST3, Start: 0007D0, Length: 000015
SystemTime { tv_sec: 1760307256, tv_nsec: 312783972 }: INFO - Text section at 0007D0, length: 0F
SystemTime { tv_sec: 1760307256, tv_nsec: 312995579 }: INFO - File disassembled successfully
SystemTime { tv_sec: 1760307256, tv_nsec: 313001508 }: INFO - Disassembly completed: 5 instructions
SystemTime { tv_sec: 1760307256, tv_nsec: 313005479 }: INFO - === DISASSEMBLED PROGRAM ===
SystemTime { tv_sec: 1760307256, tv_nsec: 313012006 }: INFO - 0007D0  LDA      #10
SystemTime { tv_sec: 1760307256, tv_nsec: 313017472 }: INFO - 0007D3  STA      000009 [PC-rel]
SystemTime { tv_sec: 1760307256, tv_nsec: 313022490 }: INFO - 0007D6  LDA      @000006 [PC-rel]
SystemTime { tv_sec: 1760307256, tv_nsec: 313027103 }: INFO - 0007D9  ADD      #5
SystemTime { tv_sec: 1760307256, tv_nsec: 313031509 }: INFO - 0007DC  STA      000003 [PC-rel]
SystemTime { tv_sec: 1760307256, tv_nsec: 313035807 }: INFO - Program starts at: 0007D0
SystemTime { tv_sec: 1760307256, tv_nsec: 313045005 }: INFO - Loaded 5 instructions
SystemTime { tv_sec: 1760307257, tv_nsec: 27329661 }: INFO - TUI simulator shut down successfully
SystemTime { tv_sec: 1760307257, tv_nsec: 27788409 }: INFO - Starting disassembly process
SystemTime { tv_sec: 1760307257, tv_nsec: 27810656 }: INFO - Program: TEST3, Start: 0007D0, Length: 000015
SystemTime { tv_sec: 1760307257, tv_nsec: 27820135 }: INFO - Text section at 0007D0, length: 0F
SystemTime { tv_sec: 1760307257, tv_nsec: 28197004 }: INFO - File disassembled successfully
SystemTime { tv_sec: 1760307257, tv_nsec: 28220050 }: INFO - Disassembly completed: 5 instructions
SystemTime { tv_sec: 1760307257, tv_nsec: 28225528 }: INFO - === DISASSEMBLED PROGRAM ===
SystemTime { tv_sec: 1760307257, tv_nsec: 28235818 }: INFO - 0007D0  LDA      #10
SystemTime { tv_sec: 1760307257, tv_nsec: 28243182 }: INFO - 0007D3  STA      000009 [PC-rel]
SystemTime { tv_sec: 1760307257, tv_nsec: 28250264 }: INFO - 0007D6  LDA      @000006 [PC-rel]
SystemTime { tv_sec: 1760307257, tv_nsec: 28256616 }: INFO - 0007D9  ADD      #5
SystemTime { tv_sec: 1760307257, tv_nsec: 28263062 }: INFO - 0007DC  STA      000003 [PC-rel]
SystemTime { tv_sec: 1760307257, tv_nsec: 28269443 }: INFO - Program starts at: 0007D0
SystemTime { tv_sec: 1760307257, tv_nsec: 28275077 }: INFO - Loaded 5 instructions
SystemTime { tv_sec: 1760307257, tv_nsec: 28350285 }: INFO - Starting TUI simulator
SystemTime { tv_sec: 1760307257, tv_nsec: 28715074 }: INFO - Starting disassembly process
SystemTime { tv_sec: 1760307257, tv_nsec: 28723512 }: INFO - Program: TEST3, Start: 0007D0, Length: 000015
SystemTime { tv_sec: 1760307257, tv_nsec: 28729130 }: INFO - Text section at 0007D0, length: 0F
SystemTime { tv_sec: 1760307257, tv_nsec: 29059188 }: INFO - File disassembled successfully
SystemTime { tv_sec: 1760307257, tv_nsec: 29067060 }: INFO - Disassembly completed: 5 instructions
SystemTime { tv_sec: 1760307257, tv_nsec: 29072224 }: INFO - === DISASSEMBLED PROGRAM ===
SystemTime { tv_sec: 1760307257, tv_nsec: 29078544 }: INFO - 0007D0  LDA      #10
SystemTime { tv_sec: 1760307257, tv_nsec: 29084952 }: INFO - 0007D3  STA      000009 [PC-rel]
SystemTime { tv_sec: 1760307257, tv_nsec: 29091343 }: INFO - 0007D6  LDA      @000006 [PC-rel]
SystemTime { tv_sec: 1760307257, tv_nsec: 29097322 }: INFO - 0007D9  ADD      #5
SystemTime { tv_sec: 1760307257, tv_nsec: 29103234 }: INFO - 0007DC  STA      000003 [PC-rel]
SystemTime { tv_sec: 1760307257, tv_nsec: 29108625 }: INFO - Program starts at: 0007D0
SystemTime { tv_sec: 1760307257, tv_nsec: 29113787 }: INFO - Loaded 5 instructions
SystemTime { tv_sec: 1760307257, tv_nsec: 587087229 }: INFO - TUI simulator shut down successfully
SystemTime { tv_sec: 1760307257, tv_nsec: 587237581 }: INFO - HexE Simulator finished
SystemTime { tv_sec: 1760324867, tv_nsec: 454275481 }: INFO - HexE Simulator started
SystemTime { tv_sec: 1760324867, tv_nsec: 454428936 }: INFO - Assembling source file
SystemTime { tv_sec: 1760324867, tv_nsec: 455650736 }: WARNING - Incorrect register 'immediate' in indexed mode
SystemTime { tv_sec: 1760324867, tv_nsec: 455673650 }: WARNING - Symbol '10' not found in symbol table, treating as immediate value
SystemTime { tv_sec: 1760324867, tv_nsec: 455713673 }: WARNING - Incorrect register 'indirect' in indexed mode
SystemTime { tv_sec: 1760324867, tv_nsec: 455739512 }: WARNING - Symbol '5' not found in symbol table, treating as immediate value
SystemTime { tv_sec: 1760324867, tv_nsec: 455766294 }: WARNING - Unknown directive: WORD
SystemTime { tv_sec: 1760324867, tv_nsec: 455778213 }: WARNING - Unknown directive: RESW
SystemTime { tv_sec: 1760324867, tv_nsec: 455794638 }: INFO - Starting TUI simulator
SystemTime { tv_sec: 1760324867, tv_nsec: 456331632 }: INFO - Starting disassembly process
SystemTime { tv_sec: 1760324867, tv_nsec: 456389297 }: INFO - Program: TEST3, Start: 0007D0, Length: 000015
SystemTime { tv_sec: 1760324867, tv_nsec: 456398106 }: INFO - Text section at 0007D0, length: 0F
SystemTime { tv_sec: 1760324867, tv_nsec: 456702463 }: INFO - File disassembled successfully
SystemTime { tv_sec: 1760324867, tv_nsec: 456710631 }: INFO - Disassembly completed: 5 instructions
SystemTime { tv_sec: 1760324867, tv_nsec: 456716095 }: INFO - === DISASSEMBLED PROGRAM ===
SystemTime { tv_sec: 1760324867, tv_nsec: 456726812 }: INFO - 0007D0  LDA      #10
SystemTime { tv_sec: 1760324867, tv_nsec: 456733951 }: INFO - 0007D3  STA      000009 [PC-rel]
SystemTime { tv_sec: 1760324867, tv_nsec: 456742067 }: INFO - 0007D6  LDA      @000006 [PC-rel]
SystemTime { tv_sec: 1760324867, tv_nsec: 456772176 }: INFO - 0007D9  ADD      #5
SystemTime { tv_sec: 1760324867, tv_nsec: 456777388 }: INFO - 0007DC  STA      000003 [PC-rel]
SystemTime { tv_sec: 1760324867, tv_nsec: 456782701 }: INFO - Program starts at: 0007D0
SystemTime { tv_sec: 1760324867, tv_nsec: 456787182 }: INFO - Loaded 5 instructions
SystemTime { tv_sec: 1760324898, tv_nsec: 23466727 }: INFO - TUI simulator shut down successfully
SystemTime { tv_sec: 1760324898, tv_nsec: 24357671 }: INFO - Starting disassembly process
SystemTime { tv_sec: 1760324898, tv_nsec: 24403458 }: INFO - Program: TEST3, Start: 0007D0, Length: 000015
SystemTime { tv_sec: 1760324898, tv_nsec: 24416713 }: INFO - Text section at 0007D0, length: 0F
SystemTime { tv_sec: 1760324898, tv_nsec: 24847111 }: INFO - File disassembled successfully
SystemTime { tv_sec: 1760324898, tv_nsec: 24858625 }: INFO - Disassembly completed: 5 instructions
SystemTime { tv_sec: 1760324898, tv_nsec: 24864661 }: INFO - === DISASSEMBLED PROGRAM ===
SystemTime { tv_sec: 1760324898, tv_nsec: 24881585 }: INFO - 0007D0  LDA      #10
SystemTime { tv_sec: 1760324898, tv_nsec: 24888948 }: INFO - 0007D3  STA      000009 [PC-rel]
SystemTime { tv_sec: 1760324898, tv_nsec: 24896038 }: INFO - 0007D6  LDA      @000006 [PC-rel]
SystemTime { tv_sec: 1760324898, tv_nsec: 24902357 }: INFO - 0007D9  ADD      #5
SystemTime { tv_sec: 1760324898, tv_nsec: 24911254 }: INFO - 0007DC  STA      000003 [PC-rel]
SystemTime { tv_sec: 1760324898, tv_nsec: 24918175 }: INFO - Program starts at: 0007D0
SystemTime { tv_sec: 1760324898, tv_nsec: 24924099 }: INFO - Loaded 5 instructions
SystemTime { tv_sec: 1760324898, tv_nsec: 25000279 }: INFO - Starting TUI simulator
SystemTime { tv_sec: 1760324898, tv_nsec: 26287235 }: INFO - Starting disassembly process
SystemTime { tv_sec: 1760324898, tv_nsec: 26307159 }: INFO - Program: TEST3, Start: 0007D0, Length: 000015
SystemTime { tv_sec: 1760324898, tv_nsec: 26313039 }: INFO - Text section at 0007D0, length: 0F
SystemTime { tv_sec: 1760324898, tv_nsec: 26618258 }: INFO - File disassembled successfully
SystemTime { tv_sec: 1760324898, tv_nsec: 26624423 }: INFO - Disassembly completed: 5 instructions
SystemTime { tv_sec: 1760324898, tv_nsec: 26629157 }: INFO - === DISASSEMBLED PROGRAM ===
SystemTime { tv_sec: 1760324898, tv_nsec: 26636159 }: INFO - 0007D0  LDA      #10
SystemTime { tv_sec: 1760324898, tv_nsec: 26642217 }: INFO - 0007D3  STA      000009 [PC-rel]
SystemTime { tv_sec: 1760324898, tv_nsec: 26648618 }: INFO - 0007D6  LDA      @000006 [PC-rel]
SystemTime { tv_sec: 1760324898, tv_nsec: 26654294 }: INFO - 0007D9  ADD      #5
SystemTime { tv_sec: 1760324898, tv_nsec: 26660605 }: INFO - 0007DC  STA      000003 [PC-rel]
SystemTime { tv_sec: 1760324898, tv_nsec: 26666097 }: INFO - Program starts at: 0007D0
SystemTime { tv_sec: 1760324898, tv_nsec: 26671127 }: INFO - Loaded 5 instructions
SystemTime { tv_sec: 1760324914, tv_nsec: 384294632 }: INFO - TUI simulator shut down successfully
SystemTime { tv_sec: 1760324914, tv_nsec: 384693852 }: INFO - HexE Simulator finished
SystemTime { tv_sec: 1760843751, tv_nsec: 46307946 }: INFO - HexE Simulator started
SystemTime { tv_sec: 1760843751, tv_nsec: 47207325 }: INFO - Assembling source file
SystemTime { tv_sec: 1760843751, tv_nsec: 47906610 }: WARNING - Symbol '=C'EOF'' not found in symbol table, treating as immediate value
SystemTime { tv_sec: 1760843758, tv_nsec: 427940005 }: INFO - HexE Simulator started
SystemTime { tv_sec: 1760843758, tv_nsec: 428466329 }: INFO - Assembling source file
SystemTime { tv_sec: 1760843758, tv_nsec: 428822703 }: WARNING - Incorrect register 'immediate' in indexed mode
SystemTime { tv_sec: 1760843758, tv_nsec: 428826703 }: WARNING - Symbol '10' not found in symbol table, treating as immediate value
SystemTime { tv_sec: 1760843758, tv_nsec: 428836715 }: WARNING - Incorrect register 'indirect' in indexed mode
SystemTime { tv_sec: 1760843758, tv_nsec: 428842075 }: WARNING - Symbol '5' not found in symbol table, treating as immediate value
SystemTime { tv_sec: 1760843758, tv_nsec: 428847927 }: WARNING - Unknown directive: WORD
SystemTime { tv_sec: 1760843758, tv_nsec: 428853971 }: WARNING - Unknown directive: RESW
SystemTime { tv_sec: 1760843758, tv_nsec: 428857355 }: INFO - Starting TUI simulator
SystemTime { tv_sec: 1760843758, tv_nsec: 429000797 }: INFO - Starting disassembly process
SystemTime { tv_sec: 1760843758, tv_nsec: 429003695 }: INFO - Program: TEST3, Start: 0007D0, Length: 000015
SystemTime { tv_sec: 1760843758, tv_nsec: 429005658 }: INFO - Text section at 0007D0, length: 0F
SystemTime { tv_sec: 1760843758, tv_nsec: 429119639 }: INFO - File disassembled successfully
SystemTime { tv_sec: 1760843758, tv_nsec: 429121563 }: INFO - Disassembly completed: 5 instructions
SystemTime { tv_sec: 1760843758, tv_nsec: 429123020 }: INFO - === DISASSEMBLED PROGRAM ===
SystemTime { tv_sec: 1760843758, tv_nsec: 429126022 }: INFO - 0007D0  LDA      #10
SystemTime { tv_sec: 1760843758, tv_nsec: 429128280 }: INFO - 0007D3  STA      000009 [PC-rel]
SystemTime { tv_sec: 1760843758, tv_nsec: 429130352 }: INFO - 0007D6  LDA      @000006 [PC-rel]
SystemTime { tv_sec: 1760843758, tv_nsec: 429132192 }: INFO - 0007D9  ADD      #5
SystemTime { tv_sec: 1760843758, tv_nsec: 429133917 }: INFO - 0007DC  STA      000003 [PC-rel]
SystemTime { tv_sec: 1760843758, tv_nsec: 429135624 }: INFO - Program starts at: 0007D0
SystemTime { tv_sec: 1760843758, tv_nsec: 429137313 }: INFO - Loaded 5 instructions
SystemTime { tv_sec: 1760843767, tv_nsec: 637292656 }: INFO - TUI simulator shut down successfully
SystemTime { tv_sec: 1760843767, tv_nsec: 637734815 }: INFO - Starting disassembly process
SystemTime { tv_sec: 1760843767, tv_nsec: 637754643 }: INFO - Program: TEST3, Start: 0007D0, Length: 000015
SystemTime { tv_sec: 1760843767, tv_nsec: 637762086 }: INFO - Text section at 0007D0, length: 0F
SystemTime { tv_sec: 1760843767, tv_nsec: 638134883 }: INFO - File disassembled successfully
SystemTime { tv_sec: 1760843767, tv_nsec: 638141144 }: INFO - Disassembly completed: 5 instructions
SystemTime { tv_sec: 1760843767, tv_nsec: 638145661 }: INFO - === DISASSEMBLED PROGRAM ===
SystemTime { tv_sec: 1760843767, tv_nsec: 638155349 }: INFO - 0007D0  LDA      #10
SystemTime { tv_sec: 1760843767, tv_nsec: 638161828 }: INFO - 0007D3  STA      000009 [PC-rel]
SystemTime { tv_sec: 1760843767, tv_nsec: 638167889 }: INFO - 0007D6  LDA      @000006 [PC-rel]
SystemTime { tv_sec: 1760843767, tv_nsec: 638173347 }: INFO - 0007D9  ADD      #5
SystemTime { tv_sec: 1760843767, tv_nsec: 638179226 }: INFO - 0007DC  STA      000003 [PC-rel]
SystemTime { tv_sec: 1760843767, tv_nsec: 638184496 }: INFO - Program starts at: 0007D0
SystemTime { tv_sec: 1760843767, tv_nsec: 638189223 }: INFO - Loaded 5 instructions
SystemTime { tv_sec: 1760843767, tv_nsec: 638262319 }: INFO - Starting TUI simulator
SystemTime { tv_sec: 1760843767, tv_nsec: 639744101 }: INFO - Starting disassembly process
SystemTime { tv_sec: 1760843767, tv_nsec: 639755803 }: INFO - Program: TEST3, Start: 0007D0, Length: 000015
SystemTime { tv_sec: 1760843767, tv_nsec: 639760325 }: INFO - Text section at 0007D0, length: 0F
SystemTime { tv_sec: 1760843767, tv_nsec: 640045648 }: INFO - File disassembled successfully
SystemTime { tv_sec: 1760843767, tv_nsec: 640050000 }: INFO - Disassembly completed: 5 instructions
SystemTime { tv_sec: 1760843767, tv_nsec: 640053812 }: INFO - === DISASSEMBLED PROGRAM ===
SystemTime { tv_sec: 1760843767, tv_nsec: 640059464 }: INFO - 0007D0  LDA      #10
SystemTime { tv_sec: 1760843767, tv_nsec: 640064676 }: INFO - 0007D3  STA      000009 [PC-rel]
SystemTime { tv_sec: 1760843767, tv_nsec: 640069683 }: INFO - 0007D6  LDA      @000006 [PC-rel]
SystemTime { tv_sec: 1760843767, tv_nsec: 640074317 }: INFO - 0007D9  ADD      #5
SystemTime { tv_sec: 1760843767, tv_nsec: 640078881 }: INFO - 0007DC  STA      000003 [PC-rel]
SystemTime { tv_sec: 1760843767, tv_nsec: 640083034 }: INFO - Program starts at: 0007D0
SystemTime { tv_sec: 1760843767, tv_nsec: 640086968 }: INFO - Loaded 5 instructions
SystemTime { tv_sec: 1760843769, tv_nsec: 91175824 }: INFO - TUI simulator shut down successfully
SystemTime { tv_sec: 1760843769, tv_nsec: 91277883 }: INFO - HexE Simulator finished
SystemTime { tv_sec: 1760843776, tv_nsec: 450007082 }: INFO - HexE Simulator started
SystemTime { tv_sec: 1760843776, tv_nsec: 450053727 }: INFO - Assembling source file
SystemTime { tv_sec: 1760843776, tv_nsec: 450387650 }: WARNING - Incorrect register 'immediate' in indexed mode
SystemTime { tv_sec: 1760843776, tv_nsec: 450391900 }: WARNING - Symbol '10' not found in symbol table, treating as immediate value
SystemTime { tv_sec: 1760843776, tv_nsec: 450401755 }: WARNING - Incorrect register 'indirect' in indexed mode
SystemTime { tv_sec: 1760843776, tv_nsec: 450407066 }: WARNING - Symbol '5' not found in symbol table, treating as immediate value
SystemTime { tv_sec: 1760843776, tv_nsec: 450414521 }: WARNING - Unknown directive: WORD
SystemTime { tv_sec: 1760843776, tv_nsec: 450416395 }: WARNING - Unknown directive: RESW
SystemTime { tv_sec: 1760843776, tv_nsec: 450419857 }: INFO - Starting TUI simulator
SystemTime { tv_sec: 1760843776, tv_nsec: 450974980 }: INFO - Starting disassembly process
SystemTime { tv_sec: 1760843776, tv_nsec: 450981318 }: INFO - Program: TEST3, Start: 0007D0, Length: 000015
SystemTime { tv_sec: 1760843776, tv_nsec: 450983595 }: INFO - Text section at 0007D0, length: 0F
SystemTime { tv_sec: 1760843776, tv_nsec: 451092338 }: INFO - File disassembled successfully
SystemTime { tv_sec: 1760843776, tv_nsec: 451094551 }: INFO - Disassembly completed: 5 instructions
SystemTime { tv_sec: 1760843776, tv_nsec: 451096308 }: INFO - === DISASSEMBLED PROGRAM ===
SystemTime { tv_sec: 1760843776, tv_nsec: 451099805 }: INFO - 0007D0  LDA      #10
SystemTime { tv_sec: 1760843776, tv_nsec: 451102134 }: INFO - 0007D3  STA      000009 [PC-rel]
SystemTime { tv_sec: 1760843776, tv_nsec: 451104232 }: INFO - 0007D6  LDA      @000006 [PC-rel]
SystemTime { tv_sec: 1760843776, tv_nsec: 451106147 }: INFO - 0007D9  ADD      #5
SystemTime { tv_sec: 1760843776, tv_nsec: 451108021 }: INFO - 0007DC  STA      000003 [PC-rel]
SystemTime { tv_sec: 1760843776, tv_nsec: 451110211 }: INFO - Program starts at: 0007D0
SystemTime { tv_sec: 1760843776, tv_nsec: 451111897 }: INFO - Loaded 5 instructions
SystemTime { tv_sec: 1760843790, tv_nsec: 54954916 }: INFO - Starting program execution
SystemTime { tv_sec: 1760843790, tv_nsec: 55244845 }: INFO - Program execution completed
SystemTime { tv_sec: 1760843810, tv_nsec: 79243966 }: INFO - TUI simulator shut down successfully
SystemTime { tv_sec: 1760843810, tv_nsec: 79786052 }: INFO - Starting disassembly process
SystemTime { tv_sec: 1760843810, tv_nsec: 79803078 }: INFO - Program: TEST3, Start: 0007D0, Length: 000015
SystemTime { tv_sec: 1760843810, tv_nsec: 79809485 }: INFO - Text section at 0007D0, length: 0F
SystemTime { tv_sec: 1760843810, tv_nsec: 80122660 }: INFO - File disassembled successfully
SystemTime { tv_sec: 1760843810, tv_nsec: 80129610 }: INFO - Disassembly completed: 5 instructions
SystemTime { tv_sec: 1760843810, tv_nsec: 80134568 }: INFO - === DISASSEMBLED PROGRAM ===
SystemTime { tv_sec: 1760843810, tv_nsec: 80144472 }: INFO - 0007D0  LDA      #10
SystemTime { tv_sec: 1760843810, tv_nsec: 80151228 }: INFO - 0007D3  STA      000009 [PC-rel]
SystemTime { tv_sec: 1760843810, tv_nsec: 80157612 }: INFO - 0007D6  LDA      @000006 [PC-rel]
SystemTime { tv_sec: 1760843810, tv_nsec: 80163468 }: INFO - 0007D9  ADD      #5
SystemTime { tv_sec: 1760843810, tv_nsec: 80169334 }: INFO - 0007DC  STA      000003 [PC-rel]
SystemTime { tv_sec: 1760843810, tv_nsec: 80175021 }: INFO - Program starts at: 0007D0
SystemTime { tv_sec: 1760843810, tv_nsec: 80180366 }: INFO - Loaded 5 instructions
SystemTime { tv_sec: 1760843810, tv_nsec: 80248053 }: INFO - Starting TUI simulator
SystemTime { tv_sec: 1760843810, tv_nsec: 81796005 }: INFO - Starting disassembly process
SystemTime { tv_sec: 1760843810, tv_nsec: 81806910 }: INFO - Program: TEST3, Start: 0007D0, Length: 000015
SystemTime { tv_sec: 1760843810, tv_nsec: 81811866 }: INFO - Text section at 0007D0, length: 0F
SystemTime { tv_sec: 1760843810, tv_nsec: 82086277 }: INFO - File disassembled successfully
SystemTime { tv_sec: 1760843810, tv_nsec: 82099261 }: INFO - Disassembly completed: 5 instructions
SystemTime { tv_sec: 1760843810, tv_nsec: 82102779 }: INFO - === DISASSEMBLED PROGRAM ===
SystemTime { tv_sec: 1760843810, tv_nsec: 82107698 }: INFO - 0007D0  LDA      #10
SystemTime { tv_sec: 1760843810, tv_nsec: 82112042 }: INFO - 0007D3  STA      000009 [PC-rel]
SystemTime { tv_sec: 1760843810, tv_nsec: 82116379 }: INFO - 0007D6  LDA      @000006 [PC-rel]
SystemTime { tv_sec: 1760843810, tv_nsec: 82120542 }: INFO - 0007D9  ADD      #5
SystemTime { tv_sec: 1760843810, tv_nsec: 82124702 }: INFO - 0007DC  STA      000003 [PC-rel]
SystemTime { tv_sec: 1760843810, tv_nsec: 82128282 }: INFO - Program starts at: 0007D0
SystemTime { tv_sec: 1760843810, tv_nsec: 82131699 }: INFO - Loaded 5 instructions
SystemTime { tv_sec: 1760843810, tv_nsec: 704763684 }: INFO - TUI simulator shut down successfully
SystemTime { tv_sec: 1760843810, tv_nsec: 705247377 }: INFO - HexE Simulator finished
SystemTime { tv_sec: 1761654133, tv_nsec: 609540138 }: INFO - HexE Simulator started
SystemTime { tv_sec: 1761654133, tv_nsec: 610078588 }: INFO - Assembling source file
SystemTime { tv_sec: 1761654133, tv_nsec: 610753890 }: WARNING - Incorrect register 'immediate' in indexed mode
SystemTime { tv_sec: 1761654133, tv_nsec: 610763831 }: WARNING - Symbol '10' not found in symbol table, treating as immediate value
SystemTime { tv_sec: 1761654133, tv_nsec: 610792218 }: WARNING - Incorrect register 'indirect' in indexed mode
SystemTime { tv_sec: 1761654133, tv_nsec: 610808953 }: WARNING - Symbol '5' not found in symbol table, treating as immediate value
SystemTime { tv_sec: 1761654133, tv_nsec: 610832006 }: WARNING - Unknown directive: WORD
SystemTime { tv_sec: 1761654133, tv_nsec: 610838705 }: WARNING - Unknown directive: RESW
SystemTime { tv_sec: 1761654133, tv_nsec: 610850598 }: INFO - Starting TUI simulator
SystemTime { tv_sec: 1761654133, tv_nsec: 611655809 }: INFO - Starting disassembly process
SystemTime { tv_sec: 1761654133, tv_nsec: 611666225 }: INFO - Program: TEST3, Start: 0007D0, Length: 000015
SystemTime { tv_sec: 1761654133, tv_nsec: 611672854 }: INFO - Text section at 0007D0, length: 0F
SystemTime { tv_sec: 1761654133, tv_nsec: 611895891 }: INFO - File disassembled successfully
SystemTime { tv_sec: 1761654133, tv_nsec: 611901137 }: INFO - Disassembly completed: 5 instructions
SystemTime { tv_sec: 1761654133, tv_nsec: 611906441 }: INFO - === DISASSEMBLED PROGRAM ===
SystemTime { tv_sec: 1761654133, tv_nsec: 611915972 }: INFO - 0007D0  LDA      #10
SystemTime { tv_sec: 1761654133, tv_nsec: 611923516 }: INFO - 0007D3  STA      000009 [PC-rel]
SystemTime { tv_sec: 1761654133, tv_nsec: 611930588 }: INFO - 0007D6  LDA      @000006 [PC-rel]
SystemTime { tv_sec: 1761654133, tv_nsec: 611937370 }: INFO - 0007D9  ADD      #5
SystemTime { tv_sec: 1761654133, tv_nsec: 611944194 }: INFO - 0007DC  STA      000003 [PC-rel]
SystemTime { tv_sec: 1761654133, tv_nsec: 611950640 }: INFO - Program starts at: 0007D0
SystemTime { tv_sec: 1761654133, tv_nsec: 611956647 }: INFO - Loaded 5 instructions
SystemTime { tv_sec: 1761654149, tv_nsec: 620361816 }: INFO - TUI simulator shut down successfully
SystemTime { tv_sec: 1761654149, tv_nsec: 620988563 }: INFO - Starting disassembly process
SystemTime { tv_sec: 1761654149, tv_nsec: 621016161 }: INFO - Program: TEST3, Start: 0007D0, Length: 000015
SystemTime { tv_sec: 1761654149, tv_nsec: 621026764 }: INFO - Text section at 0007D0, length: 0F
SystemTime { tv_sec: 1761654149, tv_nsec: 621452425 }: INFO - File disassembled successfully
SystemTime { tv_sec: 1761654149, tv_nsec: 621462509 }: INFO - Disassembly completed: 5 instructions
SystemTime { tv_sec: 1761654149, tv_nsec: 621470097 }: INFO - === DISASSEMBLED PROGRAM ===
SystemTime { tv_sec: 1761654149, tv_nsec: 621483938 }: INFO - 0007D0  LDA      #10
SystemTime { tv_sec: 1761654149, tv_nsec: 621493346 }: INFO - 0007D3  STA      000009 [PC-rel]
SystemTime { tv_sec: 1761654149, tv_nsec: 621502820 }: INFO - 0007D6  LDA      @000006 [PC-rel]
SystemTime { tv_sec: 1761654149, tv_nsec: 621541582 }: INFO - 0007D9  ADD      #5
SystemTime { tv_sec: 1761654149, tv_nsec: 621551540 }: INFO - 0007DC  STA      000003 [PC-rel]
SystemTime { tv_sec: 1761654149, tv_nsec: 621558728 }: INFO - Program starts at: 0007D0
SystemTime { tv_sec: 1761654149, tv_nsec: 621566171 }: INFO - Loaded 5 instructions
SystemTime { tv_sec: 1761654149, tv_nsec: 621658315 }: INFO - Starting TUI simulator
SystemTime { tv_sec: 1761654149, tv_nsec: 622793955 }: INFO - Starting disassembly process
SystemTime { tv_sec: 1761654149, tv_nsec: 622834186 }: INFO - Program: TEST3, Start: 0007D0, Length: 000015
SystemTime { tv_sec: 1761654149, tv_nsec: 622841534 }: INFO - Text section at 0007D0, length: 0F
SystemTime { tv_sec: 1761654149, tv_nsec: 623122836 }: INFO - File disassembled successfully
SystemTime { tv_sec: 1761654149, tv_nsec: 623129455 }: INFO - Disassembly completed: 5 instructions
SystemTime { tv_sec: 1761654149, tv_nsec: 623133887 }: INFO - === DISASSEMBLED PROGRAM ===
SystemTime { tv_sec: 1761654149, tv_nsec: 623142239 }: INFO - 0007D0  LDA      #10
SystemTime { tv_sec: 1761654149, tv_nsec: 623148287 }: INFO - 0007D3  STA      000009 [PC-rel]
SystemTime { tv_sec: 1761654149, tv_nsec: 623154020 }: INFO - 0007D6  LDA      @000006 [PC-rel]
SystemTime { tv_sec: 1761654149, tv_nsec: 623159284 }: INFO - 0007D9  ADD      #5
SystemTime { tv_sec: 1761654149, tv_nsec: 623164427 }: INFO - 0007DC  STA      000003 [PC-rel]
SystemTime { tv_sec: 1761654149, tv_nsec: 623169586 }: INFO - Program starts at: 0007D0
SystemTime { tv_sec: 1761654149, tv_nsec: 623174392 }: INFO - Loaded 5 instructions
SystemTime { tv_sec: 1761654150, tv_nsec: 357662393 }: INFO - TUI simulator shut down successfully
SystemTime { tv_sec: 1761654150, tv_nsec: 357960259 }: INFO - HexE Simulator finished
SystemTime { tv_sec: 1761654171, tv_nsec: 928180635 }: INFO - HexE Simulator started
SystemTime { tv_sec: 1761654171, tv_nsec: 928237446 }: INFO - Assembling source file
SystemTime { tv_sec: 1761654171, tv_nsec: 928645013 }: WARNING - Incorrect register 'immediate' in indexed mode
SystemTime { tv_sec: 1761654171, tv_nsec: 928650866 }: WARNING - Symbol '10' not found in symbol table, treating as immediate value
SystemTime { tv_sec: 1761654171, tv_nsec: 928663620 }: WARNING - Incorrect register 'indirect' in indexed mode
SystemTime { tv_sec: 1761654171, tv_nsec: 928671667 }: WARNING - Symbol '5' not found in symbol table, treating as immediate value
SystemTime { tv_sec: 1761654171, tv_nsec: 928679006 }: WARNING - Unknown directive: WORD
SystemTime { tv_sec: 1761654171, tv_nsec: 928681451 }: WARNING - Unknown directive: RESW
SystemTime { tv_sec: 1761654171, tv_nsec: 928686330 }: INFO - Starting TUI simulator
SystemTime { tv_sec: 1761654171, tv_nsec: 929197004 }: INFO - Starting disassembly process
SystemTime { tv_sec: 1761654171, tv_nsec: 929204847 }: INFO - Program: TEST3, Start: 0007D0, Length: 000015
SystemTime { tv_sec: 1761654171, tv_nsec: 929208057 }: INFO - Text section at 0007D0, length: 0F
SystemTime { tv_sec: 1761654171, tv_nsec: 929346160 }: INFO - File disassembled successfully
SystemTime { tv_sec: 1761654171, tv_nsec: 929349821 }: INFO - Disassembly completed: 5 instructions
SystemTime { tv_sec: 1761654171, tv_nsec: 929352297 }: INFO - === DISASSEMBLED PROGRAM ===
SystemTime { tv_sec: 1761654171, tv_nsec: 929357134 }: INFO - 0007D0  LDA      #10
SystemTime { tv_sec: 1761654171, tv_nsec: 929360336 }: INFO - 0007D3  STA      000009 [PC-rel]
SystemTime { tv_sec: 1761654171, tv_nsec: 929363256 }: INFO - 0007D6  LDA      @000006 [PC-rel]
SystemTime { tv_sec: 1761654171, tv_nsec: 929365954 }: INFO - 0007D9  ADD      #5
SystemTime { tv_sec: 1761654171, tv_nsec: 929368578 }: INFO - 0007DC  STA      000003 [PC-rel]
SystemTime { tv_sec: 1761654171, tv_nsec: 929371572 }: INFO - Program starts at: 0007D0
SystemTime { tv_sec: 1761654171, tv_nsec: 929374080 }: INFO - Loaded 5 instructions
SystemTime { tv_sec: 1761654173, tv_nsec: 46402293 }: INFO - TUI simulator shut down successfully
SystemTime { tv_sec: 1761654173, tv_nsec: 47157685 }: INFO - Starting disassembly process
SystemTime { tv_sec: 1761654173, tv_nsec: 47194058 }: INFO - Program: TEST3, Start: 0007D0, Length: 000015
SystemTime { tv_sec: 1761654173, tv_nsec: 47203956 }: INFO - Text section at 0007D0, length: 0F
SystemTime { tv_sec: 1761654173, tv_nsec: 47632778 }: INFO - File disassembled successfully
SystemTime { tv_sec: 1761654173, tv_nsec: 47643217 }: INFO - Disassembly completed: 5 instructions
SystemTime { tv_sec: 1761654173, tv_nsec: 47649910 }: INFO - === DISASSEMBLED PROGRAM ===
SystemTime { tv_sec: 1761654173, tv_nsec: 47661766 }: INFO - 0007D0  LDA      #10
SystemTime { tv_sec: 1761654173, tv_nsec: 47670730 }: INFO - 0007D3  STA      000009 [PC-rel]
SystemTime { tv_sec: 1761654173, tv_nsec: 47678607 }: INFO - 0007D6  LDA      @000006 [PC-rel]
SystemTime { tv_sec: 1761654173, tv_nsec: 47686045 }: INFO - 0007D9  ADD      #5
SystemTime { tv_sec: 1761654173, tv_nsec: 47693467 }: INFO - 0007DC  STA      000003 [PC-rel]
SystemTime { tv_sec: 1761654173, tv_nsec: 47700215 }: INFO - Program starts at: 0007D0
SystemTime { tv_sec: 1761654173, tv_nsec: 47707074 }: INFO - Loaded 5 instructions
SystemTime { tv_sec: 1761654173, tv_nsec: 47798363 }: INFO - Starting TUI simulator
SystemTime { tv_sec: 1761654173, tv_nsec: 49100199 }: INFO - Starting disassembly process
SystemTime { tv_sec: 1761654173, tv_nsec: 49111438 }: INFO - Program: TEST3, Start: 0007D0, Length: 000015
SystemTime { tv_sec: 1761654173, tv_nsec: 49117187 }: INFO - Text section at 0007D0, length: 0F
SystemTime { tv_sec: 1761654173, tv_nsec: 49446192 }: INFO - File disassembled successfully
SystemTime { tv_sec: 1761654173, tv_nsec: 49452525 }: INFO - Disassembly completed: 5 instructions
SystemTime { tv_sec: 1761654173, tv_nsec: 49457542 }: INFO - === DISASSEMBLED PROGRAM ===
SystemTime { tv_sec: 1761654173, tv_nsec: 49464652 }: INFO - 0007D0  LDA      #10
SystemTime { tv_sec: 1761654173, tv_nsec: 49470964 }: INFO - 0007D3  STA      000009 [PC-rel]
SystemTime { tv_sec: 1761654173, tv_nsec: 49477273 }: INFO - 0007D6  LDA      @000006 [PC-rel]
SystemTime { tv_sec: 1761654173, tv_nsec: 49483178 }: INFO - 0007D9  ADD      #5
SystemTime { tv_sec: 1761654173, tv_nsec: 49489196 }: INFO - 0007DC  STA      000003 [PC-rel]
SystemTime { tv_sec: 1761654173, tv_nsec: 49494404 }: INFO - Program starts at: 0007D0
SystemTime { tv_sec: 1761654173, tv_nsec: 49499520 }: INFO - Loaded 5 instructions
SystemTime { tv_sec: 1761654173, tv_nsec: 456808366 }: INFO - TUI simulator shut down successfully
SystemTime { tv_sec: 1761654173, tv_nsec: 457059177 }: INFO - HexE Simulator finished
SystemTime { tv_sec: 1761670696, tv_nsec: 737888762 }: INFO - HexE Simulator started
SystemTime { tv_sec: 1761670696, tv_nsec: 738744212 }: INFO - Assembling source file
SystemTime { tv_sec: 1761670696, tv_nsec: 739338063 }: WARNING - Incorrect register 'immediate' in indexed mode
SystemTime { tv_sec: 1761670696, tv_nsec: 739346758 }: WARNING - Symbol '10' not found in symbol table, treating as immediate value
SystemTime { tv_sec: 1761670696, tv_nsec: 739365067 }: WARNING - Incorrect register 'indirect' in indexed mode
SystemTime { tv_sec: 1761670696, tv_nsec: 739375135 }: WARNING - Symbol '5' not found in symbol table, treating as immediate value
SystemTime { tv_sec: 1761670696, tv_nsec: 739389969 }: WARNING - Unknown directive: WORD
SystemTime { tv_sec: 1761670696, tv_nsec: 739393914 }: WARNING - Unknown directive: RESW
SystemTime { tv_sec: 1761670696, tv_nsec: 739400822 }: INFO - Starting TUI simulator
SystemTime { tv_sec: 1761670696, tv_nsec: 739629175 }: INFO - Starting disassembly process
SystemTime { tv_sec: 1761670696, tv_nsec: 739635395 }: INFO - Program: TEST3, Start: 0007D0, Length: 000015
SystemTime { tv_sec: 1761670696, tv_nsec: 739640038 }: INFO - Text section at 0007D0, length: 0F
SystemTime { tv_sec: 1761670696, tv_nsec: 739836265 }: INFO - File disassembled successfully
SystemTime { tv_sec: 1761670696, tv_nsec: 739841321 }: INFO - Disassembly completed: 5 instructions
SystemTime { tv_sec: 1761670696, tv_nsec: 739844953 }: INFO - === DISASSEMBLED PROGRAM ===
SystemTime { tv_sec: 1761670696, tv_nsec: 739856712 }: INFO - 0007D0  LDA      #10
SystemTime { tv_sec: 1761670696, tv_nsec: 739861186 }: INFO - 0007D3  STA      000009 [PC-rel]
SystemTime { tv_sec: 1761670696, tv_nsec: 739865299 }: INFO - 0007D6  LDA      @000006 [PC-rel]
SystemTime { tv_sec: 1761670696, tv_nsec: 739871405 }: INFO - 0007D9  ADD      #5
SystemTime { tv_sec: 1761670696, tv_nsec: 739875583 }: INFO - 0007DC  STA      000003 [PC-rel]
SystemTime { tv_sec: 1761670696, tv_nsec: 739879395 }: INFO - Program starts at: 0007D0
SystemTime { tv_sec: 1761670696, tv_nsec: 739882912 }: INFO - Loaded 5 instructions
SystemTime { tv_sec: 1761671934, tv_nsec: 378762268 }: INFO - TUI simulator shut down successfully
SystemTime { tv_sec: 1761671934, tv_nsec: 379195486 }: INFO - Starting disassembly process
SystemTime { tv_sec: 1761671934, tv_nsec: 379220759 }: INFO - Program: TEST3, Start: 0007D0, Length: 000015
SystemTime { tv_sec: 1761671934, tv_nsec: 379231675 }: INFO - Text section at 0007D0, length: 0F
SystemTime { tv_sec: 1761671934, tv_nsec: 379666582 }: INFO - File disassembled successfully
SystemTime { tv_sec: 1761671934, tv_nsec: 379679756 }: INFO - Disassembly completed: 5 instructions
SystemTime { tv_sec: 1761671934, tv_nsec: 379687304 }: INFO - === DISASSEMBLED PROGRAM ===
SystemTime { tv_sec: 1761671934, tv_nsec: 379701187 }: INFO - 0007D0  LDA      #10
SystemTime { tv_sec: 1761671934, tv_nsec: 379711017 }: INFO - 0007D3  STA      000009 [PC-rel]
SystemTime { tv_sec: 1761671934, tv_nsec: 379720450 }: INFO - 0007D6  LDA      @000006 [PC-rel]
SystemTime { tv_sec: 1761671934, tv_nsec: 379729555 }: INFO - 0007D9  ADD      #5
SystemTime { tv_sec: 1761671934, tv_nsec: 379737905 }: INFO - 0007DC  STA      000003 [PC-rel]
SystemTime { tv_sec: 1761671934, tv_nsec: 379745920 }: INFO - Program starts at: 0007D0
SystemTime { tv_sec: 1761671934, tv_nsec: 379753533 }: INFO - Loaded 5 instructions
SystemTime { tv_sec: 1761671934, tv_nsec: 379850581 }: INFO - Starting TUI simulator
SystemTime { tv_sec: 1761671934, tv_nsec: 380213517 }: INFO - Starting disassembly process
SystemTime { tv_sec: 1761671934, tv_nsec: 380227881 }: INFO - Program: TEST3, Start: 0007D0, Length: 000015
SystemTime { tv_sec: 1761671934, tv_nsec: 380235085 }: INFO - Text section at 0007D0, length: 0F
SystemTime { tv_sec: 1761671934, tv_nsec: 380589642 }: INFO - File disassembled successfully
SystemTime { tv_sec: 1761671934, tv_nsec: 380599024 }: INFO - Disassembly completed: 5 instructions
SystemTime { tv_sec: 1761671934, tv_nsec: 380605395 }: INFO - === DISASSEMBLED PROGRAM ===
SystemTime { tv_sec: 1761671934, tv_nsec: 380613825 }: INFO - 0007D0  LDA      #10
SystemTime { tv_sec: 1761671934, tv_nsec: 380621573 }: INFO - 0007D3  STA      000009 [PC-rel]
SystemTime { tv_sec: 1761671934, tv_nsec: 380629408 }: INFO - 0007D6  LDA      @000006 [PC-rel]
SystemTime { tv_sec: 1761671934, tv_nsec: 380637090 }: INFO - 0007D9  ADD      #5
SystemTime { tv_sec: 1761671934, tv_nsec: 380644580 }: INFO - 0007DC  STA      000003 [PC-rel]
SystemTime { tv_sec: 1761671934, tv_nsec: 380651701 }: INFO - Program starts at: 0007D0
SystemTime { tv_sec: 1761671934, tv_nsec: 380658412 }: INFO - Loaded 5 instructions
SystemTime { tv_sec: 1761671935, tv_nsec: 485350470 }: INFO - TUI simulator shut down successfully
SystemTime { tv_sec: 1761671935, tv_nsec: 485492838 }: INFO - HexE Simulator finished
SystemTime { tv_sec: 1761681254, tv_nsec: 331415144 }: INFO - HexE Simulator started
SystemTime { tv_sec: 1761681254, tv_nsec: 331495622 }: INFO - Assembling source file
SystemTime { tv_sec: 1761681254, tv_nsec: 331850235 }: WARNING - Incorrect register 'immediate' in indexed mode
SystemTime { tv_sec: 1761681254, tv_nsec: 331855234 }: WARNING - Symbol '10' not found in symbol table, treating as immediate value
SystemTime { tv_sec: 1761681254, tv_nsec: 331869737 }: WARNING - Incorrect register 'indirect' in indexed mode
SystemTime { tv_sec: 1761681254, tv_nsec: 331878183 }: WARNING - Symbol '5' not found in symbol table, treating as immediate value
SystemTime { tv_sec: 1761681254, tv_nsec: 331892027 }: WARNING - Unknown directive: WORD
SystemTime { tv_sec: 1761681254, tv_nsec: 331899313 }: WARNING - Unknown directive: RESW
SystemTime { tv_sec: 1761681254, tv_nsec: 331905288 }: INFO - Starting TUI simulator
SystemTime { tv_sec: 1761681254, tv_nsec: 332049104 }: INFO - Starting disassembly process
SystemTime { tv_sec: 1761681254, tv_nsec: 332053010 }: INFO - Program: TEST3, Start: 0007D0, Length: 000015
SystemTime { tv_sec: 1761681254, tv_nsec: 332055867 }: INFO - Text section at 0007D0, length: 0F
SystemTime { tv_sec: 1761681254, tv_nsec: 332170643 }: INFO - File disassembled successfully
SystemTime { tv_sec: 1761681254, tv_nsec: 332173244 }: INFO - Disassembly completed: 5 instructions
SystemTime { tv_sec: 1761681254, tv_nsec: 332175858 }: INFO - === DISASSEMBLED PROGRAM ===
SystemTime { tv_sec: 1761681254, tv_nsec: 332180875 }: INFO - 0007D0  LDA      #10
SystemTime { tv_sec: 1761681254, tv_nsec: 332184805 }: INFO - 0007D3  STA      000009 [PC-rel]
SystemTime { tv_sec: 1761681254, tv_nsec: 332188528 }: INFO - 0007D6  LDA      @000006 [PC-rel]
SystemTime { tv_sec: 1761681254, tv_nsec: 332191891 }: INFO - 0007D9  ADD      #5
SystemTime { tv_sec: 1761681254, tv_nsec: 332195293 }: INFO - 0007DC  STA      000003 [PC-rel]
SystemTime { tv_sec: 1761681254, tv_nsec: 332198486 }: INFO - Program starts at: 0007D0
SystemTime { tv_sec: 1761681254, tv_nsec: 332201465 }: INFO - Loaded 5 instructions
SystemTime { tv_sec: 1761681258, tv_nsec: 968445108 }: INFO - TUI simulator shut down successfully
SystemTime { tv_sec: 1761681258, tv_nsec: 968646822 }: INFO - Starting disassembly process
SystemTime { tv_sec: 1761681258, tv_nsec: 968665978 }: INFO - Program: TEST3, Start: 0007D0, Length: 000015
SystemTime { tv_sec: 1761681258, tv_nsec: 968674672 }: INFO - Text section at 0007D0, length: 0F
SystemTime { tv_sec: 1761681258, tv_nsec: 969285938 }: INFO - File disassembled successfully
SystemTime { tv_sec: 1761681258, tv_nsec: 969293757 }: INFO - Disassembly completed: 5 instructions
SystemTime { tv_sec: 1761681258, tv_nsec: 969299335 }: INFO - === DISASSEMBLED PROGRAM ===
SystemTime { tv_sec: 1761681258, tv_nsec: 969311421 }: INFO - 0007D0  LDA      #10
SystemTime { tv_sec: 1761681258, tv_nsec: 969318932 }: INFO - 0007D3  STA      000009 [PC-rel]
SystemTime { tv_sec: 1761681258, tv_nsec: 969325693 }: INFO - 0007D6  LDA      @000006 [PC-rel]
SystemTime { tv_sec: 1761681258, tv_nsec: 969332230 }: INFO - 0007D9  ADD      #5
SystemTime { tv_sec: 1761681258, tv_nsec: 969338580 }: INFO - 0007DC  STA      000003 [PC-rel]
SystemTime { tv_sec: 1761681258, tv_nsec: 969344783 }: INFO - Program starts at: 0007D0
SystemTime { tv_sec: 1761681258, tv_nsec: 969350742 }: INFO - Loaded 5 instructions
SystemTime { tv_sec: 1761681258, tv_nsec: 969434831 }: INFO - Starting TUI simulator
SystemTime { tv_sec: 1761681258, tv_nsec: 969893960 }: INFO - Starting disassembly process
SystemTime { tv_sec: 1761681258, tv_nsec: 969903902 }: INFO - Program: TEST3, Start: 0007D0, Length: 000015
SystemTime { tv_sec: 1761681258, tv_nsec: 969909357 }: INFO - Text section at 0007D0, length: 0F
SystemTime { tv_sec: 1761681258, tv_nsec: 970219219 }: INFO - File disassembled successfully
SystemTime { tv_sec: 1761681258, tv_nsec: 970226271 }: INFO - Disassembly completed: 5 instructions
SystemTime { tv_sec: 1761681258, tv_nsec: 970231100 }: INFO - === DISASSEMBLED PROGRAM ===
SystemTime { tv_sec: 1761681258, tv_nsec: 970238042 }: INFO - 0007D0  LDA      #10
SystemTime { tv_sec: 1761681258, tv_nsec: 970244100 }: INFO - 0007D3  STA      000009 [PC-rel]
SystemTime { tv_sec: 1761681258, tv_nsec: 970250197 }: INFO - 0007D6  LDA      @000006 [PC-rel]
SystemTime { tv_sec: 1761681258, tv_nsec: 970255836 }: INFO - 0007D9  ADD      #5
SystemTime { tv_sec: 1761681258, tv_nsec: 970261648 }: INFO - 0007DC  STA      000003 [PC-rel]
SystemTime { tv_sec: 1761681258, tv_nsec: 970267899 }: INFO - Program starts at: 0007D0
SystemTime { tv_sec: 1761681258, tv_nsec: 970272962 }: INFO - Loaded 5 instructions
SystemTime { tv_sec: 1761681260, tv_nsec: 11017953 }: INFO - TUI simulator shut down successfully
SystemTime { tv_sec: 1761681260, tv_nsec: 11086466 }: INFO - HexE Simulator finished
SystemTime { tv_sec: 1761681264, tv_nsec: 327995204 }: INFO - HexE Simulator started
SystemTime { tv_sec: 1761681264, tv_nsec: 328052676 }: INFO - Assembling source file
SystemTime { tv_sec: 1761681264, tv_nsec: 328332605 }: WARNING - Symbol '=C'EOF'' not found in symbol table, treating as immediate value
